runmode
	reference	3 133.693580 -1.360320 133.693580 -1.360320
	image	0 image_wcs.cat
	pixel	0 1000 pixel.fits
	mass	3 1000 0.400000 mass.fits
	end
grille
	nombre		100
	polaire		0
	nlentille	1
	end
potentiel
0
	profil		81
	x_centre	0.000000
	y_centre	0.000000
	ellipticite	0.650027
	angle_pos	120.003265
	core_radius	3.000000
	core_radius_kpc	16.118806
	cut_radius	250.000000
	cut_radius_kpc	1343.233795
	v_disp		800.000000
	z_lens		0.400000
	end
cline
	nplan		1 1.000000 
	dmax		50.000000
	algorithm		MARCHINGSQUARES
	limitHigh		10.000000
	limitLow		1.000000
	end
grande
	iso	0 0 1.000000 0.000000 0.000000
	name	best
	profil	0 10
	contour	0 10
	large_dist	0.300000
	end
cosmologie
	model	1
	H0	70.000000
	omegaM	0.300000
	omegaX	0.700000
	omegaK	0.000000
	wX	-1.000000
	wa	0.000000
	kcourb	0.000000
	end
champ
	xmin	-50.000000
	xmax	50.000000
	ymin	-50.000000
	ymax	50.000000
	end
fini
For z_s = 0.8000  DLS/DS:0.4434
DLS:0.1603(lt) 686.74(Mpc) DOS:0.3616(lt) 1548.71(Mpc)
DOL:0.2588(lt) 1108.25(Mpc) DOL_lum:0.5072(lt) 2172.16(Mpc)
Mcrit:3.383335e-03 (10^12 Msol/kpc^2)
Conversion Factor @ z = 0.400000, 1 arcsec == 5.373 kpc
Number of Clumps: 1
-------- Clump 1: PIEMD Kovner, truncated
 Total mass: 1041.023177(cor) 931.099168 (10^12 M_sol)
 rcut:250.00(") 1343.23(kpc)
 vdisp:800.00(km/s) b0:27.6863
 rc:3.00(") 16.12(kpc)
 rt:250.00(") 1343.23(kpc)
 r_ct:0.0000 r_cr:0.0000
